# JRE version: Java(TM) SE Runtime Environment (7.0_51-b13) (build 1.7.0_51-b13)
# Java VM: Java HotSpot(TM) 64-Bit Server VM (24.51-b03 mixed mode linux-amd64 compressed oops)
Heap
 PSYoungGen      total 153088K, used 129350K [0x00000000f5500000, 0x00000000ffd00000, 0x0000000100000000)
  eden space 135168K, 92% used [0x00000000f5500000,0x00000000fceaa3a0,0x00000000fd900000)
  from space 17920K, 26% used [0x00000000feb80000,0x00000000ff027698,0x00000000ffd00000)
  to   space 18432K, 0% used [0x00000000fd900000,0x00000000fd900000,0x00000000feb00000)
 ParOldGen       total 220160K, used 206117K [0x00000000e0000000, 0x00000000ed700000, 0x00000000f5500000)
  object space 220160K, 93% used [0x00000000e0000000,0x00000000ec949660,0x00000000ed700000)
 PSPermGen       total 141824K, used 103183K [0x00000000d0000000, 0x00000000d8a80000, 0x00000000e0000000)
  object space 141824K, 72% used [0x00000000d0000000,0x00000000d64c3c18,0x00000000d8a80000)
GC Heap History (10 events):
Event: 71,114 GC heap before
{Heap before GC invocations=127 (full 5):
 PSYoungGen      total 144384K, used 122144K [0x00000000f5500000, 0x00000000ffd80000, 0x0000000100000000)
  eden space 118784K, 100% used [0x00000000f5500000,0x00000000fc900000,0x00000000fc900000)
  from space 25600K, 13% used [0x00000000fc900000,0x00000000fcc48000,0x00000000fe200000)
  to   space 24576K, 0% used [0x00000000fe580000,0x00000000fe580000,0x00000000ffd80000)
 ParOldGen       total 220160K, used 187695K [0x00000000e0000000, 0x00000000ed700000, 0x00000000f5500000)
  object space 220160K, 85% used [0x00000000e0000000,0x00000000eb74bd90,0x00000000ed700000)
 PSPermGen       total 141824K, used 101991K [0x00000000d0000000, 0x00000000d8a80000, 0x00000000e0000000)
  object space 141824K, 71% used [0x00000000d0000000,0x00000000d6399e48,0x00000000d8a80000)
Event: 71,121 GC heap after
Heap after GC invocations=127 (full 5):
 PSYoungGen      total 147968K, used 5344K [0x00000000f5500000, 0x00000000ffc00000, 0x0000000100000000)
  eden space 124928K, 0% used [0x00000000f5500000,0x00000000f5500000,0x00000000fcf00000)
  from space 23040K, 23% used [0x00000000fe580000,0x00000000feab8030,0x00000000ffc00000)
  to   space 23040K, 0% used [0x00000000fcf00000,0x00000000fcf00000,0x00000000fe580000)
 ParOldGen       total 220160K, used 189789K [0x00000000e0000000, 0x00000000ed700000, 0x00000000f5500000)
  object space 220160K, 86% used [0x00000000e0000000,0x00000000eb9574e0,0x00000000ed700000)
 PSPermGen       total 141824K, used 101991K [0x00000000d0000000, 0x00000000d8a80000, 0x00000000e0000000)
  object space 141824K, 71% used [0x00000000d0000000,0x00000000d6399e48,0x00000000d8a80000)
}
Event: 71,414 GC heap before
{Heap before GC invocations=128 (full 5):
 PSYoungGen      total 147968K, used 130272K [0x00000000f5500000, 0x00000000ffc00000, 0x0000000100000000)
  eden space 124928K, 100% used [0x00000000f5500000,0x00000000fcf00000,0x00000000fcf00000)
  from space 23040K, 23% used [0x00000000fe580000,0x00000000feab8030,0x00000000ffc00000)
  to   space 23040K, 0% used [0x00000000fcf00000,0x00000000fcf00000,0x00000000fe580000)
 ParOldGen       total 220160K, used 189789K [0x00000000e0000000, 0x00000000ed700000, 0x00000000f5500000)
  object space 220160K, 86% used [0x00000000e0000000,0x00000000eb9574e0,0x00000000ed700000)
 PSPermGen       total 141824K, used 102007K [0x00000000d0000000, 0x00000000d8a80000, 0x00000000e0000000)
  object space 141824K, 71% used [0x00000000d0000000,0x00000000d639dc50,0x00000000d8a80000)
Event: 71,423 GC heap after
Heap after GC invocations=128 (full 5):
 PSYoungGen      total 147968K, used 6077K [0x00000000f5500000, 0x00000000ffe00000, 0x0000000100000000)
  eden space 124928K, 0% used [0x00000000f5500000,0x00000000f5500000,0x00000000fcf00000)
  from space 23040K, 26% used [0x00000000fcf00000,0x00000000fd4ef788,0x00000000fe580000)
  to   space 22016K, 0% used [0x00000000fe880000,0x00000000fe880000,0x00000000ffe00000)
 ParOldGen       total 220160K, used 193407K [0x00000000e0000000, 0x00000000ed700000, 0x00000000f5500000)
  object space 220160K, 87% used [0x00000000e0000000,0x00000000ebcdfec8,0x00000000ed700000)
 PSPermGen       total 141824K, used 102007K [0x00000000d0000000, 0x00000000d8a80000, 0x00000000e0000000)
  object space 141824K, 71% used [0x00000000d0000000,0x00000000d639dc50,0x00000000d8a80000)
}
Event: 71,864 GC heap before
{Heap before GC invocations=129 (full 5):
 PSYoungGen      total 147968K, used 131005K [0x00000000f5500000, 0x00000000ffe00000, 0x0000000100000000)
  eden space 124928K, 100% used [0x00000000f5500000,0x00000000fcf00000,0x00000000fcf00000)
  from space 23040K, 26% used [0x00000000fcf00000,0x00000000fd4ef788,0x00000000fe580000)
  to   space 22016K, 0% used [0x00000000fe880000,0x00000000fe880000,0x00000000ffe00000)
 ParOldGen       total 220160K, used 193407K [0x00000000e0000000, 0x00000000ed700000, 0x00000000f5500000)
  object space 220160K, 87% used [0x00000000e0000000,0x00000000ebcdfec8,0x00000000ed700000)
 PSPermGen       total 141824K, used 102027K [0x00000000d0000000, 0x00000000d8a80000, 0x00000000e0000000)
  object space 141824K, 71% used [0x00000000d0000000,0x00000000d63a2e90,0x00000000d8a80000)
Event: 71,880 GC heap after
Heap after GC invocations=129 (full 5):
 PSYoungGen      total 150016K, used 6010K [0x00000000f5500000, 0x00000000ffc00000, 0x0000000100000000)
  eden space 130048K, 0% used [0x00000000f5500000,0x00000000f5500000,0x00000000fd400000)
  from space 19968K, 30% used [0x00000000fe880000,0x00000000fee5e820,0x00000000ffc00000)
  to   space 20480K, 0% used [0x00000000fd400000,0x00000000fd400000,0x00000000fe800000)
 ParOldGen       total 220160K, used 197725K [0x00000000e0000000, 0x00000000ed700000, 0x00000000f5500000)
  object space 220160K, 89% used [0x00000000e0000000,0x00000000ec117650,0x00000000ed700000)
 PSPermGen       total 141824K, used 102027K [0x00000000d0000000, 0x00000000d8a80000, 0x00000000e0000000)
  object space 141824K, 71% used [0x00000000d0000000,0x00000000d63a2e90,0x00000000d8a80000)
}
Event: 72,239 GC heap before
{Heap before GC invocations=130 (full 5):
 PSYoungGen      total 150016K, used 136058K [0x00000000f5500000, 0x00000000ffc00000, 0x0000000100000000)
  eden space 130048K, 100% used [0x00000000f5500000,0x00000000fd400000,0x00000000fd400000)
  from space 19968K, 30% used [0x00000000fe880000,0x00000000fee5e820,0x00000000ffc00000)
  to   space 20480K, 0% used [0x00000000fd400000,0x00000000fd400000,0x00000000fe800000)
 ParOldGen       total 220160K, used 197725K [0x00000000e0000000, 0x00000000ed700000, 0x00000000f5500000)
  object space 220160K, 89% used [0x00000000e0000000,0x00000000ec117650,0x00000000ed700000)
 PSPermGen       total 141824K, used 102043K [0x00000000d0000000, 0x00000000d8a80000, 0x00000000e0000000)
  object space 141824K, 71% used [0x00000000d0000000,0x00000000d63a6c98,0x00000000d8a80000)
Event: 72,252 GC heap after
Heap after GC invocations=130 (full 5):
 PSYoungGen      total 150528K, used 6944K [0x00000000f5500000, 0x00000000ffe80000, 0x0000000100000000)
  eden space 130048K, 0% used [0x00000000f5500000,0x00000000f5500000,0x00000000fd400000)
  from space 20480K, 33% used [0x00000000fd400000,0x00000000fdac8000,0x00000000fe800000)
  to   space 19456K, 0% used [0x00000000feb80000,0x00000000feb80000,0x00000000ffe80000)
 ParOldGen       total 220160K, used 201634K [0x00000000e0000000, 0x00000000ed700000, 0x00000000f5500000)
  object space 220160K, 91% used [0x00000000e0000000,0x00000000ec4e8b38,0x00000000ed700000)
 PSPermGen       total 141824K, used 102043K [0x00000000d0000000, 0x00000000d8a80000, 0x00000000e0000000)
  object space 141824K, 71% used [0x00000000d0000000,0x00000000d63a6c98,0x00000000d8a80000)
}
Event: 72,640 GC heap before
{Heap before GC invocations=131 (full 5):
 PSYoungGen      total 150528K, used 136992K [0x00000000f5500000, 0x00000000ffe80000, 0x0000000100000000)
  eden space 130048K, 100% used [0x00000000f5500000,0x00000000fd400000,0x00000000fd400000)
  from space 20480K, 33% used [0x00000000fd400000,0x00000000fdac8000,0x00000000fe800000)
  to   space 19456K, 0% used [0x00000000feb80000,0x00000000feb80000,0x00000000ffe80000)
 ParOldGen       total 220160K, used 201634K [0x00000000e0000000, 0x00000000ed700000, 0x00000000f5500000)
  object space 220160K, 91% used [0x00000000e0000000,0x00000000ec4e8b38,0x00000000ed700000)
 PSPermGen       total 141824K, used 102069K [0x00000000d0000000, 0x00000000d8a80000, 0x00000000e0000000)
  object space 141824K, 71% used [0x00000000d0000000,0x00000000d63ad5b8,0x00000000d8a80000)
Event: 72,651 GC heap after
Heap after GC invocations=131 (full 5):
 PSYoungGen      total 153088K, used 4765K [0x00000000f5500000, 0x00000000ffd00000, 0x0000000100000000)
  eden space 135168K, 0% used [0x00000000f5500000,0x00000000f5500000,0x00000000fd900000)
  from space 17920K, 26% used [0x00000000feb80000,0x00000000ff027698,0x00000000ffd00000)
  to   space 18432K, 0% used [0x00000000fd900000,0x00000000fd900000,0x00000000feb00000)
 ParOldGen       total 220160K, used 206117K [0x00000000e0000000, 0x00000000ed700000, 0x00000000f5500000)
  object space 220160K, 93% used [0x00000000e0000000,0x00000000ec949660,0x00000000ed700000)
 PSPermGen       total 141824K, used 102069K [0x00000000d0000000, 0x00000000d8a80000, 0x00000000e0000000)
  object space 141824K, 71% used [0x00000000d0000000,0x00000000d63ad5b8,0x00000000d8a80000)
}

